This file contains any messages produced by compilers while
running configure, to aid debugging if configure makes a mistake.

It was created by MTWAS configure 1.0, which was
generated by GNU Autoconf 2.69.  Invocation command line was

  $ ./configure 

## --------- ##
## Platform. ##
## --------- ##

hostname = weiya-XPS-9320
uname -m = x86_64
uname -r = 6.1.0-1026-oem
uname -s = Linux
uname -v = #26-Ubuntu SMP PREEMPT_DYNAMIC Wed Nov  1 14:06:23 UTC 2023

/usr/bin/uname -p = x86_64
/bin/uname -X     = unknown

/bin/arch              = x86_64
/usr/bin/arch -k       = unknown
/usr/convex/getsysinfo = unknown
/usr/bin/hostinfo      = unknown
/bin/machine           = unknown
/usr/bin/oslevel       = unknown
/bin/universe          = unknown

PATH: /home/weiya/miniconda3/bin
PATH: /usr/local/sbin
PATH: /usr/local/bin
PATH: /usr/sbin
PATH: /usr/bin
PATH: /usr/sbin
PATH: /usr/bin
PATH: /usr/games
PATH: /usr/local/games
PATH: /snap/bin
PATH: /snap/bin
PATH: /usr/lib/rstudio/resources/app/bin/quarto/bin
PATH: /usr/lib/rstudio/resources/app/bin/postback


## ----------- ##
## Core tests. ##
## ----------- ##

configure:1688: checking for gsl-config
configure:1706: found /usr/bin/gsl-config
configure:1718: result: /usr/bin/gsl-config
configure:1883: creating ./config.status

## ---------------------- ##
## Running config.status. ##
## ---------------------- ##

This file was extended by MTWAS config.status 1.0, which was
generated by GNU Autoconf 2.69.  Invocation command line was

  CONFIG_FILES    = 
  CONFIG_HEADERS  = 
  CONFIG_LINKS    = 
  CONFIG_COMMANDS = 
  $ ./config.status 

on weiya-XPS-9320

config.status:716: creating src/Makevars

## ---------------- ##
## Cache variables. ##
## ---------------- ##

ac_cv_env_build_alias_set=
ac_cv_env_build_alias_value=
ac_cv_env_host_alias_set=
ac_cv_env_host_alias_value=
ac_cv_env_target_alias_set=
ac_cv_env_target_alias_value=
ac_cv_path_GSL_CONFIG=/usr/bin/gsl-config

## ----------------- ##
## Output variables. ##
## ----------------- ##

DEFS='-DPACKAGE_NAME=\"MTWAS\" -DPACKAGE_TARNAME=\"mtwas\" -DPACKAGE_VERSION=\"1.0\" -DPACKAGE_STRING=\"MTWAS\ 1.0\" -DPACKAGE_BUGREPORT=\"lijun.wang@yale.edu\" -DPACKAGE_URL=\"\"'
ECHO_C=''
ECHO_N='-n'
ECHO_T=''
GSL_CFLAGS='-I/usr/include'
GSL_CONFIG='/usr/bin/gsl-config'
GSL_LIBS='-L/usr/lib/x86_64-linux-gnu -lgsl -lgslcblas -lm'
LIBOBJS=''
LIBS=''
LTLIBOBJS=''
PACKAGE_BUGREPORT='lijun.wang@yale.edu'
PACKAGE_NAME='MTWAS'
PACKAGE_STRING='MTWAS 1.0'
PACKAGE_TARNAME='mtwas'
PACKAGE_URL=''
PACKAGE_VERSION='1.0'
PATH_SEPARATOR=':'
SHELL='/bin/bash'
bindir='${exec_prefix}/bin'
build_alias=''
datadir='${datarootdir}'
datarootdir='${prefix}/share'
docdir='${datarootdir}/doc/${PACKAGE_TARNAME}'
dvidir='${docdir}'
exec_prefix='${prefix}'
host_alias=''
htmldir='${docdir}'
includedir='${prefix}/include'
infodir='${datarootdir}/info'
libdir='${exec_prefix}/lib'
libexecdir='${exec_prefix}/libexec'
localedir='${datarootdir}/locale'
localstatedir='${prefix}/var'
mandir='${datarootdir}/man'
oldincludedir='/usr/include'
pdfdir='${docdir}'
prefix='/usr/local'
program_transform_name='s,x,x,'
psdir='${docdir}'
runstatedir='${localstatedir}/run'
sbindir='${exec_prefix}/sbin'
sharedstatedir='${prefix}/com'
sysconfdir='${prefix}/etc'
target_alias=''

## ----------- ##
## confdefs.h. ##
## ----------- ##

/* confdefs.h */
#define PACKAGE_NAME "MTWAS"
#define PACKAGE_TARNAME "mtwas"
#define PACKAGE_VERSION "1.0"
#define PACKAGE_STRING "MTWAS 1.0"
#define PACKAGE_BUGREPORT "lijun.wang@yale.edu"
#define PACKAGE_URL ""

configure: exit 0
